0.100000 4.980547 5.000000 5.000000
 0.200000 4.868133 5.000000 4.800000
 0.300000 4.567840 5.000000 4.600000
 0.400000 4.385532 3.700000 4.399609
 0.500000 4.357478 5.000000 4.300097
 0.700000 4.332258 5.000000 4.000000
 0.800000 0.100000 3.000000 3.849364
 0.900000 1.209971 5.000000 3.600000
 1.000000 0.303812 1.600586 3.400000
 1.100000 0.600098 5.000000 3.200000
 1.300000 0.200000 4.996970 3.000000
 1.400000 0.053861 0.500000 2.799316
 1.500000 0.002444 5.000000 3.100000
 1.600000 0.189932 0.000000 2.399707
 1.800000 0.207038 4.999413 2.300000
 1.900000 0.300000 3.200000 2.700000
 2.000000 0.002248 0.500000 1.799316
 2.100000 0.270479 4.999707 2.300000
 2.200000 0.153079 0.000000 2.200000
 2.400000 0.001857 4.999707 1.200000
 2.500000 0.180938 0.000000 1.900000
 2.600000 0.200098 2.196579 1.756207
 2.700000 0.054057 0.400000 1.400000
 2.800000 0.100000 0.000000 0.398827
 3.000000 0.090127 1.400000 1.300000
 3.100000 0.107038 0.000000 1.100000
 3.200000 0.100000 2.800000 1.000000
 3.300000 0.002248 0.000000 0.499707
 3.400000 0.002248 3.099707 0.600000
 3.600000 0.006158 0.000000 0.500000
 3.700000 0.001857 1.099707 0.300000
 3.800000 0.052981 0.000000 0.200000
 3.900000 4.888465 5.000000 5.000000
 4.100000 4.817106 4.175464 4.800000
 4.200000 4.396677 5.000000 4.600000
 4.300000 4.672532 5.000000 4.400000
 4.400000 4.587683 1.700000 4.250733
 4.500000 4.326686 4.999902 3.978104
 4.700000 1.210166 4.999902 4.000000
 4.800000 0.936461 1.400000 3.655816
 4.900000 0.400098 5.000000 3.700000
 5.000000 0.259629 2.100684 3.200000
 5.100000 0.053959 4.600000 3.400000
 5.300000 0.005963 4.999413 2.700000
 5.400000 0.001857 0.000000 2.576637
 5.500000 0.253079 4.999707 2.900000
 5.600000 0.204594 0.276246 2.200000
 5.800000 0.053861 4.097654 2.600000
 5.900000 0.006158 3.300000 2.100000
 6.000000 0.200000 0.000000 1.598631
 6.100000 0.100098 5.000000 2.200000
 6.200000 0.200000 0.000000 2.000000
 6.400000 0.002346 4.897556 1.200000
 6.500000 0.100000 0.000000 1.700000
 6.600000 0.100098 1.796774 1.578495
 6.700000 0.002346 0.000000 1.200000
 6.800000 0.002444 0.000000 0.199316
 7.000000 0.053275 0.700000 1.100000
 7.100000 0.002151 0.000000 0.930889
 7.200000 0.100000 1.896774 0.800000
 7.300000 0.002248 0.000000 0.700000
 7.400000 0.053275 2.496676 0.100000
 7.600000 0.002248 0.000000 0.300000
 7.700000 0.002248 1.199707 0.100000
 7.800000 4.885044 0.000000 4.998533
 7.900000 4.882014 5.000000 4.800000
 8.100000 4.772336 3.309091 4.600000
 8.200000 4.541642 5.000000 4.300000
 8.300000 4.179374 4.999316 4.200000
 8.400000 1.653372 0.900000 4.000000
 8.500000 1.741056 5.000000 3.800000
 8.700000 0.189932 5.000000 3.600880
 8.800000 2.246334 1.700000 3.455914
 8.900000 0.473412 5.000000 3.500684
 9.000000 0.600098 1.200000 2.997751
 9.100000 0.153079 4.934115 3.000000
 9.300000 0.304497 5.000000 2.600000
 9.400000 0.355816 0.000000 2.395992
 9.500000 0.153079 4.999707 2.800000
 9.600000 0.280547 0.000000 1.899902
 9.800000 0.180743 4.596579 2.400000
 9.900000 0.002444 2.000000 2.378495
 10.000000 0.100000 0.497654 1.398631
 10.100000 0.100000 4.996579 1.700000
 10.200000 0.106452 0.000000 1.900000
 10.400000 0.100098 0.000000 1.600000
 10.500000 0.001857 4.600000 1.197850
 10.600000 0.104497 0.000000 1.100000
 10.700000 0.099902 0.000000 1.300000
 10.800000 0.001857 3.099707 1.100000
 11.000000 0.029326 0.000000 0.000000
 11.100000 0.104497 0.000000 0.800000
 11.200000 0.080645 2.399316 0.700000
 11.300000 0.001857 0.000000 0.097752
 11.500000 0.002248 0.000000 0.306158
 11.600000 0.002444 1.200000 0.178495
 11.700000 4.987977 0.000293 4.999413
 11.800000 4.890811 5.000000 4.700000
 11.900000 4.614956 5.000000 4.600000
 12.100000 4.537243 5.000000 4.400000
 12.200000 4.539296 1.700000 4.200000
 12.300000 4.218866 5.000000 4.000000
 12.400000 4.183382 5.000000 3.800000
 12.600000 0.827859 5.000000 3.600000
 12.700000 0.729912 1.200000 3.600000
 12.800000 0.253079 3.500000 3.600000
 12.900000 0.189932 4.999413 3.400000
 13.000000 0.711632 4.996970 2.900000
 13.200000 0.504301 0.000000 3.100000
 13.300000 0.153079 3.799413 2.906158
 13.400000 0.404790 4.998143 2.800000
 13.500000 0.002444 1.600000 2.601466
 13.600000 0.001857 0.000000 1.700000
 13.800000 0.253079 4.999707 1.600000
 13.900000 0.233627 2.400000 1.831085
 14.000000 0.100000 0.000000 2.100000
 14.100000 0.109091 3.399707 1.900000
 14.300000 0.001857 3.000000 1.700000
 14.400000 0.104497 0.000000 0.698534
 14.500000 0.002346 1.299902 1.400000
 14.600000 0.104594 2.500000 1.300000
 14.700000 0.104497 0.000000 0.700000
 14.900000 0.002248 0.000000 0.999707
 15.000000 0.060117 1.600000 0.800000
 15.100000 0.002346 0.000000 0.600000
 15.200000 0.052786 0.000000 0.399707
 15.400000 0.002248 0.000000 0.300000
 15.500000 0.001857 0.000000 0.100000
 15.600000 4.894624 5.000000 5.000000
 15.700000 4.897850 4.100000 4.800000
 15.800000 4.786021 4.500000 4.550440
 16.000000 4.600195 5.000000 4.400000
 16.100000 4.597263 5.000000 4.100000
 16.200001 2.064516 4.999707 4.000000
 16.299999 1.565494 0.500000 3.830889
 16.400000 1.624927 4.900000 3.900000
 16.600000 1.004497 5.000000 3.700000
 16.700001 1.111241 5.000000 3.500000
 16.799999 0.499804 0.000000 3.400000
 16.900000 0.478886 4.099316 3.300000
 17.100000 0.028837 5.000000 3.100000
 17.200001 0.275660 3.000000 2.900391
 17.299999 0.551320 0.000000 2.198632
 17.400000 0.280547 4.999120 1.956207
 17.500000 0.253079 4.999413 1.700000
 17.700001 0.189932 0.000000 1.698827
 17.799999 0.233627 2.098925 2.200000
 17.900000 0.185826 4.999707 2.000000
 18.000000 0.104301 0.000000 1.900000
 18.200001 0.107038 0.000000 0.799707
 18.299999 0.100098 4.998631 0.606940
 18.400000 0.099804 0.000000 1.500000
 18.500000 0.127957 0.000000 1.300000
 18.600000 0.053763 3.799315 1.100000
 18.799999 0.001857 0.000000 0.529228
 18.900000 0.001857 0.000000 0.800000
 19.000000 0.002248 2.600000 0.700000
 19.100000 0.002346 0.000000 0.000000
 19.200001 0.002248 0.000000 0.300000
 19.400000 0.002248 1.196774 0.100000
 19.500000 4.889247 0.000684 4.950049
 19.600000 4.893939 5.000000 4.834702
 19.700001 4.519941 5.000000 4.600000
 19.900000 4.428739 4.800000 4.300000
 20.000000 4.395406 1.800000 4.200000
 20.100000 1.100391 5.000000 4.000000
 20.200001 0.100000 5.000000 3.800000
 20.299999 1.178495 4.500293 3.630890
 20.500000 0.400000 0.700000 3.399707
 20.600000 0.100000 4.997849 3.200000
 20.700001 0.838905 5.000000 2.906158
 20.799999 0.189932 1.100000 2.800000
 21.000000 0.300000 1.999316 2.600000
 21.100000 0.001857 5.000000 2.600000
 21.200001 0.532063 3.800000 2.800000
 21.299999 0.001857 0.000000 2.600000
 21.400000 0.092278 4.097556 2.500000
 21.600000 0.001857 4.999707 2.300000
 21.700001 0.006061 0.000000 1.399120
 21.799999 0.143011 0.899707 1.700000
 21.900000 0.006158 4.999316 1.800000
 22.000000 0.053861 0.000000 1.706158
 22.200001 0.002444 0.000000 1.200000
 22.299999 0.153079 4.933724 0.700000
 22.400000 0.002248 0.000000 1.300000
 22.500000 0.091887 0.000000 1.100000
 22.700001 0.142717 3.298534 0.978495
 22.799999 0.002248 0.000000 0.199707
 22.900000 0.001857 0.000000 0.600000
 23.000000 0.053861 2.299707 0.500000
 23.100000 0.002444 0.000000 0.000000
 23.299999 0.001857 0.000000 0.100000
 23.400000 4.988856 4.600000 5.000000
 23.500000 4.832845 4.100000 4.800000
 23.600000 4.768328 5.000000 4.578299
 23.799999 4.417986 4.999707 4.400000
 23.900000 4.567742 5.000000 4.100000
 24.000000 2.341349 3.600000 4.000000
 24.100000 1.797067 2.500000 3.799707
 24.200001 0.885924 5.000000 3.600000
 24.400000 0.092278 5.000000 3.400000
 24.500000 0.259629 1.500293 3.200000
 24.600000 0.006158 2.799902 3.099609
 24.700001 0.127957 5.000000 3.000000
 24.799999 0.002346 4.800293 3.000000
 25.000000 0.181329 0.000000 3.000000
 25.100000 0.299902 3.999413 2.800000
 25.200001 0.153079 4.999707 2.600000
 25.299999 0.100000 0.300000 1.800000
 25.500000 0.001857 0.559140 1.499707
 25.600000 0.100000 4.998338 1.700000
 25.700001 0.100098 0.600000 2.031183
 25.799999 0.002248 0.000000 1.900000
 25.900000 0.199902 4.397654 1.500000
 26.100000 0.138905 1.300000 0.600000
 26.200001 0.127957 0.000000 1.400000
 26.299999 0.127957 2.599413 1.300000
 26.400000 0.002248 0.500000 0.900000
 26.600000 0.002346 0.000000 0.799902
 26.700001 0.002248 1.500000 0.800000
 26.799999 0.001857 0.000000 0.700000
 26.900000 0.002248 0.000000 0.199707
 27.000000 0.005474 0.899413 0.306158
 27.200001 0.018084 0.000000 0.100000
 27.299999 4.889150 0.000000 4.899707
 27.400000 4.933040 5.000000 4.800000
 27.500000 4.735777 3.300000 4.599902
 27.600000 4.419844 4.000000 4.397165
 27.799999 4.678397 5.000000 4.197752
 27.900000 0.471163 5.000000 4.000000
 28.000000 0.300000 4.600000 3.800000
 28.100000 0.352786 1.300000 3.598534
 28.299999 0.153079 5.000000 3.300000
 28.400000 0.806061 5.000000 3.200000
 28.500000 0.289932 1.900000 2.900000
 28.600000 0.189932 1.899413 2.829521
 28.700001 0.300000 4.996774 2.630889
 28.900000 0.578983 4.999316 2.400000
 29.000000 0.002346 0.000000 2.800000
 29.100000 0.002248 3.499902 2.600000
 29.200001 0.100000 4.999707 2.500000
 29.400000 0.100098 0.000000 1.800195
 29.500000 0.189834 0.099316 1.398827
 29.600000 0.204497 4.999120 1.300000
 29.700001 0.028837 0.200000 1.900586
 29.799999 0.028837 0.000000 1.700000
 30.000000 0.054057 4.298533 1.500000
 30.100000 0.092278 0.400000 0.700000
 30.200001 0.106549 0.000000 1.300000
 30.299999 0.001857 2.899707 1.100000
 30.400000 0.001857 0.000000 0.200000
 30.600000 0.092278 0.000000 0.797849
 30.700001 0.054057 1.999120 0.600000
 30.799999 0.053861 0.000000 0.300000
 30.900000 0.053079 0.000000 0.356207
 31.100000 0.043793 1.200000 0.200000
 31.200001 4.883968 0.000000 4.998533
 31.299999 4.869990 5.000000 4.800000
 31.400000 4.526197 5.000000 4.500000
 31.500000 4.610557 5.000000 4.400000
 31.700001 4.450537 1.700000 4.100000
 31.799999 1.383089 5.000000 4.000000
 31.900000 3.572922 5.000000 4.000098
 32.000000 0.200000 4.999707 3.650733
 32.200001 0.874291 0.700000 3.699902
 32.299999 0.300000 3.999316 3.500000
 32.400002 0.200000 4.999707 3.400000
 32.500000 0.799218 4.999902 3.200684
 32.599998 0.091887 0.000000 3.100000
 32.799999 0.200000 4.297556 2.999902
 32.900002 0.206940 4.999316 2.800000
 33.000000 0.053959 1.200000 2.100000
 33.099998 0.181134 0.233040 1.797752
 33.200001 0.289932 4.998533 1.600000
 33.400002 0.242717 2.000000 2.200000
 33.500000 0.100098 0.000000 2.000000
 33.599998 0.100000 3.832551 1.830890
 33.700001 0.180645 2.800000 1.400000
 33.900002 0.089443 0.000000 0.999902
 34.000000 0.127957 1.599707 1.430889
 34.099998 0.127957 2.300000 1.278104
 34.200001 0.134018 0.000000 0.600000
 34.299999 0.054057 0.199120 1.000000
 34.500000 0.002444 1.200000 0.800000
 34.599998 0.002248 0.000000 0.700000
 34.700001 0.001857 0.000000 0.500000
 34.799999 0.002248 0.000000 0.350733
 35.000000 0.002248 0.000000 0.200000
 35.099998 4.894233 5.000000 5.000000
 35.200001 4.899609 4.100000 4.878494
 35.299999 4.692962 4.800000 4.598827
 35.400002 4.448778 5.000000 4.400000
 35.599998 4.296383 5.000000 4.200000
 35.700001 4.339100 5.000000 4.100000
 35.799999 1.085142 1.200000 4.000000
 35.900002 1.154154 4.200000 3.800000
 36.000000 1.778495 5.000000 3.400000
 36.200001 0.553763 4.999902 3.200000
 36.299999 0.786021 0.000000 3.378299
 36.400002 0.253079 3.799902 3.300000
 36.500000 0.001857 5.000000 3.100000
 36.700001 0.204497 3.197067 2.900000
 36.799999 0.531867 0.000000 2.199414
 36.900002 0.127957 4.998533 2.000000
 37.000000 0.153666 4.999902 1.700000
 37.099998 0.002444 0.000000 1.598534
 37.299999 0.100098 1.899902 2.200000
 37.400002 0.002248 4.996774 2.000000
 37.500000 0.002248 0.000000 1.900000
 37.599998 0.128055 0.000000 0.799316
 37.799999 0.113783 4.999707 0.600000
 37.900002 0.053372 0.000000 1.400000
 38.000000 0.002444 0.000000 1.200000
 38.099998 0.002248 4.000000 1.100000
 38.200001 0.002248 0.000000 0.499707
 38.400002 0.002248 0.000000 0.800000
 38.500000 0.002248 2.800000 0.600000
 38.599998 0.002346 0.000000 0.000000
 38.700001 0.052786 0.000000 0.300000
 38.799999 0.002346 1.147605 0.100000
 39.000000 4.894428 0.000000 4.899902
 39.099998 4.915151 5.000000 4.800000
 39.200001 4.753568 5.000000 4.600000
 39.299999 4.495797 4.875953 4.300000
 39.500000 4.587781 1.796774 4.200000
 39.599998 0.404692 5.000000 4.000000
 39.700001 0.380938 5.000000 3.878495
 39.799999 0.936657 5.000000 3.600000
 39.900002 1.921994 0.000098 3.299316
 40.099998 0.289638 5.000000 3.200000
 40.200001 0.100000 4.997849 2.900000
 40.299999 0.664907 2.900000 2.800000
 40.400002 0.253079 0.699413 2.599902
 40.599998 0.153079 4.999707 2.400000
 40.700001 0.300000 4.999413 2.200000
 40.799999 0.280547 0.000000 2.600000
 40.900002 0.104301 2.899609 2.500000
 41.000000 0.253079 4.996774 2.300000
 41.200001 0.189932 0.000000 2.100000
 41.299999 0.002248 0.000000 1.178397
 41.400002 0.138123 4.998143 1.000000
 41.500000 0.100098 0.000000 1.700000
 41.599998 0.100000 0.000000 1.600000
 41.799999 0.001857 4.299413 1.300000
 41.900002 0.002248 0.000000 0.699902
 42.000000 0.001857 0.000000 1.100000
 42.099998 0.100098 2.897556 0.900000
 42.299999 0.002444 0.000000 0.000000
 42.400002 0.002444 0.000000 0.700000
 42.500000 0.080547 2.099707 0.456207
 42.599998 0.052786 0.000000 0.000000
 42.700001 0.002248 0.000000 0.100000
 42.900002 4.981036 4.900000 5.000000
 43.000000 4.843206 4.100000 4.800000
 43.099998 4.561193 5.000000 4.600000
 43.200001 4.480254 5.000000 4.300000
 43.400002 4.273607 4.998827 4.200000
 43.500000 4.326002 4.400000 4.000000
 43.599998 0.399707 2.000293 3.799707
 43.700001 1.150049 5.000000 3.600000
 43.799999 0.400000 5.000000 3.400000
 44.000000 0.333529 2.347605 3.254056
 44.099998 0.389932 1.900000 3.076637
 44.200001 0.333627 5.000000 2.800000
 44.299999 0.762072 5.000000 2.600000
 44.400002 0.257478 0.000293 2.978104
 44.599998 0.091887 3.099316 2.800000
 44.700001 0.300000 4.997556 2.600000
 44.799999 0.006158 1.400000 2.500000
 44.900002 0.028837 0.000000 1.599707
 45.099998 0.253079 4.999316 1.400000
 45.200001 0.206061 2.400000 1.200000
 45.299999 0.100000 0.000000 1.900000
 45.400002 0.100000 2.999707 1.700000
 45.500000 0.106549 2.575758 1.578495
 45.700001 0.002248 0.000000 0.599707
 45.799999 0.100098 1.257087 1.300000
 45.900002 0.001857 1.900000 1.100293
 46.000000 0.002248 0.000000 0.500000
 46.200001 0.100098 0.097654 0.800000
 46.299999 0.002248 0.300000 0.600000
 46.400002 0.033822 0.000000 0.300000
 46.500000 0.001857 0.000000 0.300000
 46.599998 0.001857 0.000000 0.197849
 46.799999 4.997947 0.000000 4.900000
 46.900002 4.791398 5.000000 4.700000
 47.000000 4.677126 4.000684 4.600000
 47.099998 4.440958 3.000000 4.398924
 47.200001 4.324438 5.000000 4.231085
 47.400002 2.998924 5.000000 3.999902
 47.500000 1.078006 5.000000 4.000587
 47.599998 0.612903 0.100000 3.600000
 47.700001 0.874291 4.900000 3.700000
 47.900002 0.189932 4.999902 3.500000
 48.000000 0.873412 5.000000 3.400880
 48.099998 0.053861 0.000000 2.900000
 48.200001 0.002248 4.900000 2.900000
 48.299999 0.355816 5.000000 2.900586
 48.500000 0.054057 1.500000 2.200000
 48.599998 0.199902 0.596774 2.048583
 48.700001 0.289932 4.998827 1.700000
 48.799999 0.001857 2.600000 2.200000
 49.000000 0.204497 0.000000 2.200000
 49.099998 0.134409 3.599413 2.000000
 49.200001 0.028837 3.700000 1.900000
 49.299999 0.092278 0.000000 0.798338
 49.400002 0.100098 0.997654 1.600000
 49.599998 0.053861 3.600000 1.400000
 49.700001 0.002444 0.000000 1.200000
 49.799999 0.002248 0.000000 0.300000
 49.900002 0.002248 3.000000 1.000000
 50.000000 0.002248 0.000000 0.800000
 50.200001 0.092278 0.000000 0.200000
 50.299999 0.053861 1.600000 0.500000
 50.400002 0.088759 0.000000 0.300000
 50.500000 0.045161 0.000000 0.000000
 50.700001 4.986901 0.909189 5.000000
 50.799999 4.906256 5.000000 4.800000
 50.900002 4.854056 5.000000 4.600000
 51.000000 4.568231 5.000000 4.400000
 51.099998 4.247116 4.800097 4.200000
 51.299999 1.357674 1.800000 4.000000
 51.400002 0.628055 5.000000 3.800000
 51.500000 0.200000 5.000000 3.600000
 51.599998 0.727957 3.200000 3.400000
 51.799999 0.479472 1.400000 3.198827
 51.900002 0.389932 5.000000 3.000000
 52.000000 0.667058 4.996774 2.800000
 52.099998 0.028837 0.000000 2.699902
 52.200001 0.002151 2.800000 2.900000
 52.400002 0.002444 5.000000 2.731574
 52.500000 0.002639 2.400000 2.700000
 52.599998 0.227957 0.000000 2.000000
 52.700001 0.227957 4.899707 1.800000
 52.799999 0.153079 3.800000 1.350733
 53.000000 0.205865 0.000000 1.699902
 53.099998 0.002248 2.200000 1.900000
 53.200001 0.100000 4.299902 1.731183
 53.299999 0.002444 0.000000 1.500000
 53.500000 0.002248 0.000000 0.698925
 53.599998 0.085826 4.000000 1.300000
 53.700001 0.006158 0.000000 1.100000
 53.799999 0.002444 0.000000 0.700000
 53.900002 0.001857 3.600000 0.000000
 54.099998 0.001857 0.000000 0.600000
 54.200001 0.002346 0.000000 0.406158
 54.299999 0.002346 1.899707 0.000000
 54.400002 0.002248 0.000000 0.200000
 54.599998 4.901857 5.000000 5.000000
 54.700001 4.905767 5.000000 4.800000
 54.799999 4.731574 3.300000 4.597752
 54.900002 4.618573 5.000000 4.400000
 55.000000 4.465689 5.000000 4.200000
 55.200001 1.056207 5.000000 4.000000
 55.299999 0.604301 2.800000 3.800000
 55.400002 0.358553 3.000000 3.600000
 55.500000 0.400000 5.000000 3.400000
 55.599998 0.885239 5.000000 3.200000
 55.799999 0.389932 0.200000 3.400000
 55.900002 0.200000 3.298631 3.300000
 56.000000 0.597752 4.998533 3.100000
 56.099998 0.001857 3.896579 2.997849
 56.299999 0.181232 0.000000 2.800000
 56.400002 0.002248 4.299706 2.700000
 56.500000 0.002248 5.000000 2.500000
 56.599998 0.053861 0.000000 1.598534
 56.700001 0.053959 0.898631 1.698534
 56.900002 0.053861 4.996774 1.900000
 57.000000 0.100000 0.000000 1.900000
 57.099998 0.002444 0.000000 1.300000
 57.200001 0.058162 4.899120 0.900000
 57.400002 0.002444 0.000000 1.398827
 57.500000 0.100098 0.000000 1.300000
 57.599998 0.100098 3.297556 1.100000
 57.700001 0.053275 0.000000 0.000000
 57.799999 0.059629 0.000000 0.800000
 58.000000 0.002639 2.199316 0.700000
 58.099998 0.052981 0.000000 0.100000
 58.200001 0.002248 0.000000 0.300000
 58.299999 0.002248 1.175953 0.100000
 58.400002 4.883871 0.000684 4.999120
 58.599998 4.916422 5.000000 4.800000
 58.700001 4.826099 5.000000 4.600000
 58.799999 4.342327 5.000000 4.400000
 58.900002 4.467449 1.700000 4.200000
 59.099998 4.236657 5.000000 4.150733
 59.200001 0.300000 5.000000 4.000000
 59.299999 1.245357 5.000000 3.600000
 59.400002 0.200000 0.500000 3.700000
 59.500000 0.100000 4.196872 3.500000
 59.700001 0.289834 4.999902 3.400000
 59.799999 0.100000 4.600000 3.278494
 59.900002 0.228055 0.001075 3.000000
 60.000000 0.227957 4.609384 2.900000
 